c:\users\santerk\source\repos\zombiegame\trabajofinal\sfmlgame\x64\debug\vc143.pdb
c:\users\santerk\source\repos\zombiegame\trabajofinal\sfmlgame\x64\debug\vc143.idb
c:\users\santerk\source\repos\zombiegame\trabajofinal\sfmlgame\x64\debug\player.obj
c:\users\santerk\source\repos\zombiegame\trabajofinal\sfmlgame\x64\debug\heart.obj
c:\users\santerk\source\repos\zombiegame\trabajofinal\sfmlgame\x64\debug\healthbar.obj
c:\users\santerk\source\repos\zombiegame\trabajofinal\sfmlgame\x64\debug\game.obj
c:\users\santerk\source\repos\zombiegame\trabajofinal\sfmlgame\x64\debug\entitymanager.obj
c:\users\santerk\source\repos\zombiegame\trabajofinal\sfmlgame\x64\debug\entity.obj
c:\users\santerk\source\repos\zombiegame\trabajofinal\sfmlgame\x64\debug\enemy.obj
c:\users\santerk\source\repos\zombiegame\trabajofinal\sfmlgame\x64\debug\collisionmanager.obj
c:\users\santerk\source\repos\zombiegame\trabajofinal\sfmlgame\x64\debug\bullet.obj
c:\users\santerk\source\repos\zombiegame\trabajofinal\sfmlgame\x64\debug\source.obj
c:\users\santerk\source\repos\zombiegame\trabajofinal\x64\debug\zombiegame.exe
c:\users\santerk\source\repos\zombiegame\trabajofinal\sfmlgame\x64\debug\zombiegame.ilk
c:\users\santerk\source\repos\zombiegame\trabajofinal\x64\debug\zombiegame.pdb
c:\users\santerk\source\repos\zombiegame\trabajofinal\sfmlgame\x64\debug\zombiegame.tlog\cl.command.1.tlog
c:\users\santerk\source\repos\zombiegame\trabajofinal\sfmlgame\x64\debug\zombiegame.tlog\cl.read.1.tlog
c:\users\santerk\source\repos\zombiegame\trabajofinal\sfmlgame\x64\debug\zombiegame.tlog\cl.write.1.tlog
c:\users\santerk\source\repos\zombiegame\trabajofinal\sfmlgame\x64\debug\zombiegame.tlog\link.command.1.tlog
c:\users\santerk\source\repos\zombiegame\trabajofinal\sfmlgame\x64\debug\zombiegame.tlog\link.read.1.tlog
c:\users\santerk\source\repos\zombiegame\trabajofinal\sfmlgame\x64\debug\zombiegame.tlog\link.write.1.tlog
